2d1
< alboforpm
4,9c3,6
< australia
< ausvotes
< ausvotes2022
< ba2
< bccrss
< brexit
---
> bcpoli
> boycottrussia
> breaking
> cdnpoli
13,20c10,13
< covidisnotover
< diemaskebleibtauf
< fluke_natouch
< gutlessscomo
< johnsonoutday25
< lauterbachbleibt
< lnpcorruptionparty
< lnpdisgrace
---
> fbpe
> followbackfriday
> genocide
> kyiv
22,23c15
< morrison
< nytimes
---
> mariupol
24a17,22
> ottawa
> partygate
> pmqs
> putin
> putinhitler
> putinwarcriminal
26c24,25
< sarscov2
---
> russian
> russiasanctions
27a27
> stopputinnow
29c29
< zerocovid
---
> ukrainian
